[22-Sep-2025 04:50:54 Europe/Berlin] Database error: SQLSTATE[42S02]: Base table or view not found: 1146 Table 'hotelms.booking_rooms' doesn't exist
[22-Sep-2025 04:51:04 Europe/Berlin] Database error: SQLSTATE[42S02]: Base table or view not found: 1146 Table 'hotelms.booking_rooms' doesn't exist
[22-Sep-2025 04:51:06 Europe/Berlin] Database error: SQLSTATE[42S02]: Base table or view not found: 1146 Table 'hotelms.booking_rooms' doesn't exist
[22-Sep-2025 04:51:07 Europe/Berlin] Database error: SQLSTATE[42S02]: Base table or view not found: 1146 Table 'hotelms.booking_rooms' doesn't exist
[22-Sep-2025 04:51:10 Europe/Berlin] Database error: SQLSTATE[42S02]: Base table or view not found: 1146 Table 'hotelms.booking_rooms' doesn't exist
[22-Sep-2025 04:57:42 Europe/Berlin] Database error: SQLSTATE[42S02]: Base table or view not found: 1146 Table 'hotelms.booking_rooms' doesn't exist
[22-Sep-2025 04:58:57 Europe/Berlin] Database error: SQLSTATE[42S02]: Base table or view not found: 1146 Table 'hotelms.booking_rooms' doesn't exist
[22-Sep-2025 04:58:59 Europe/Berlin] Database error: SQLSTATE[42S02]: Base table or view not found: 1146 Table 'hotelms.booking_rooms' doesn't exist
[20-Oct-2025 10:53:29 UTC] Connection failed: could not find driver
[20-Oct-2025 12:57:26 Europe/Berlin] Database error: SQLSTATE[23000]: Integrity constraint violation: 1052 Column 'room_type_id' in field list is ambiguous
[20-Oct-2025 12:57:32 Europe/Berlin] Database error: SQLSTATE[23000]: Integrity constraint violation: 1052 Column 'room_type_id' in field list is ambiguous
[20-Oct-2025 12:57:36 Europe/Berlin] Database error: SQLSTATE[23000]: Integrity constraint violation: 1052 Column 'room_type_id' in field list is ambiguous
[20-Oct-2025 12:57:49 Europe/Berlin] Database error: SQLSTATE[23000]: Integrity constraint violation: 1052 Column 'room_type_id' in field list is ambiguous
[20-Oct-2025 12:57:54 Europe/Berlin] Database error: SQLSTATE[23000]: Integrity constraint violation: 1052 Column 'room_type_id' in field list is ambiguous
[20-Oct-2025 12:59:38 Europe/Berlin] Database error: SQLSTATE[23000]: Integrity constraint violation: 1052 Column 'room_type_id' in field list is ambiguous
[20-Oct-2025 13:23:45 Europe/Berlin] Database error: SQLSTATE[23000]: Integrity constraint violation: 1052 Column 'room_type_id' in field list is ambiguous
[20-Oct-2025 13:23:51 Europe/Berlin] Database error: SQLSTATE[23000]: Integrity constraint violation: 1052 Column 'room_type_id' in field list is ambiguous
[20-Oct-2025 13:24:05 Europe/Berlin] Database error: SQLSTATE[23000]: Integrity constraint violation: 1052 Column 'room_type_id' in field list is ambiguous
[20-Oct-2025 13:24:10 Europe/Berlin] Database error: SQLSTATE[23000]: Integrity constraint violation: 1052 Column 'room_type_id' in field list is ambiguous
[20-Oct-2025 13:34:08 Europe/Berlin] Database error: SQLSTATE[23000]: Integrity constraint violation: 1052 Column 'room_type_id' in field list is ambiguous
[20-Oct-2025 13:34:14 Europe/Berlin] Database error: SQLSTATE[23000]: Integrity constraint violation: 1052 Column 'room_type_id' in field list is ambiguous
[22-Oct-2025 02:42:29 Europe/Berlin] Database error: SQLSTATE[23000]: Integrity constraint violation: 1052 Column 'room_type_id' in field list is ambiguous
[22-Oct-2025 02:42:35 Europe/Berlin] Database error: SQLSTATE[23000]: Integrity constraint violation: 1052 Column 'room_type_id' in field list is ambiguous
[22-Oct-2025 02:42:38 Europe/Berlin] Database error: SQLSTATE[23000]: Integrity constraint violation: 1052 Column 'room_type_id' in field list is ambiguous
[22-Oct-2025 02:58:43 Europe/Berlin] Database error: SQLSTATE[23000]: Integrity constraint violation: 1052 Column 'room_type_id' in field list is ambiguous
[22-Oct-2025 02:58:49 Europe/Berlin] Database error: SQLSTATE[23000]: Integrity constraint violation: 1052 Column 'room_type_id' in field list is ambiguous
[22-Oct-2025 02:59:41 Europe/Berlin] Database error: SQLSTATE[23000]: Integrity constraint violation: 1052 Column 'room_type_id' in field list is ambiguous
[22-Oct-2025 03:03:29 Europe/Berlin] First query failed: SQLSTATE[42S22]: Column not found: 1054 Unknown column 'b.booking_status' in 'where clause'
[22-Oct-2025 03:03:29 Europe/Berlin] First query failed: SQLSTATE[42S22]: Column not found: 1054 Unknown column 'b.booking_status' in 'where clause'
[22-Oct-2025 03:07:29 Europe/Berlin] First query failed: SQLSTATE[42S22]: Column not found: 1054 Unknown column 'b.booking_status' in 'where clause'
[22-Oct-2025 03:07:29 Europe/Berlin] First query failed: SQLSTATE[42S22]: Column not found: 1054 Unknown column 'b.booking_status' in 'where clause'
[22-Oct-2025 03:07:33 Europe/Berlin] First query failed: SQLSTATE[42S22]: Column not found: 1054 Unknown column 'b.booking_status' in 'where clause'
[22-Oct-2025 03:07:33 Europe/Berlin] First query failed: SQLSTATE[42S22]: Column not found: 1054 Unknown column 'b.booking_status' in 'where clause'
[22-Oct-2025 03:08:42 Europe/Berlin] First query failed: SQLSTATE[42S22]: Column not found: 1054 Unknown column 'b.booking_status' in 'where clause'
[22-Oct-2025 03:08:42 Europe/Berlin] First query failed: SQLSTATE[42S22]: Column not found: 1054 Unknown column 'b.booking_status' in 'where clause'
[22-Oct-2025 03:09:01 Europe/Berlin] First query failed: SQLSTATE[42S22]: Column not found: 1054 Unknown column 'b.booking_status' in 'where clause'
[22-Oct-2025 03:09:01 Europe/Berlin] First query failed: SQLSTATE[42S22]: Column not found: 1054 Unknown column 'b.booking_status' in 'where clause'
[22-Oct-2025 03:09:18 Europe/Berlin] First query failed: SQLSTATE[42S22]: Column not found: 1054 Unknown column 'b.booking_status' in 'where clause'
[22-Oct-2025 03:09:18 Europe/Berlin] First query failed: SQLSTATE[42S22]: Column not found: 1054 Unknown column 'b.booking_status' in 'where clause'
[22-Oct-2025 03:10:44 Europe/Berlin] First query failed: SQLSTATE[42S22]: Column not found: 1054 Unknown column 'b.booking_status' in 'where clause'
[22-Oct-2025 03:10:44 Europe/Berlin] First query failed: SQLSTATE[42S22]: Column not found: 1054 Unknown column 'b.booking_status' in 'where clause'
[22-Oct-2025 03:11:03 Europe/Berlin] First query failed: SQLSTATE[42S22]: Column not found: 1054 Unknown column 'b.booking_status' in 'where clause'
[22-Oct-2025 03:11:03 Europe/Berlin] First query failed: SQLSTATE[42S22]: Column not found: 1054 Unknown column 'b.booking_status' in 'where clause'
[22-Oct-2025 03:11:09 Europe/Berlin] First query failed: SQLSTATE[42S22]: Column not found: 1054 Unknown column 'b.booking_status' in 'where clause'
[22-Oct-2025 03:11:09 Europe/Berlin] First query failed: SQLSTATE[42S22]: Column not found: 1054 Unknown column 'b.booking_status' in 'where clause'
[22-Oct-2025 03:14:51 Europe/Berlin] First query failed: SQLSTATE[42S22]: Column not found: 1054 Unknown column 'b.booking_status' in 'where clause'
[22-Oct-2025 03:14:51 Europe/Berlin] First query failed: SQLSTATE[42S22]: Column not found: 1054 Unknown column 'b.booking_status' in 'where clause'
[22-Oct-2025 03:14:55 Europe/Berlin] First query failed: SQLSTATE[42S22]: Column not found: 1054 Unknown column 'b.booking_status' in 'where clause'
[22-Oct-2025 03:14:55 Europe/Berlin] First query failed: SQLSTATE[42S22]: Column not found: 1054 Unknown column 'b.booking_status' in 'where clause'
[22-Oct-2025 04:00:15 Europe/Berlin] First query failed: SQLSTATE[42S22]: Column not found: 1054 Unknown column 'b.booking_status' in 'where clause'
[22-Oct-2025 04:00:15 Europe/Berlin] First query failed: SQLSTATE[42S22]: Column not found: 1054 Unknown column 'b.booking_status' in 'where clause'
[22-Oct-2025 04:00:22 Europe/Berlin] First query failed: SQLSTATE[42S22]: Column not found: 1054 Unknown column 'b.booking_status' in 'where clause'
[22-Oct-2025 04:00:22 Europe/Berlin] First query failed: SQLSTATE[42S22]: Column not found: 1054 Unknown column 'b.booking_status' in 'where clause'
[22-Oct-2025 04:00:37 Europe/Berlin] First query failed: SQLSTATE[42S22]: Column not found: 1054 Unknown column 'b.booking_status' in 'where clause'
[22-Oct-2025 04:00:37 Europe/Berlin] First query failed: SQLSTATE[42S22]: Column not found: 1054 Unknown column 'b.booking_status' in 'where clause'
[22-Oct-2025 04:00:43 Europe/Berlin] First query failed: SQLSTATE[42S22]: Column not found: 1054 Unknown column 'b.booking_status' in 'where clause'
[22-Oct-2025 04:00:43 Europe/Berlin] First query failed: SQLSTATE[42S22]: Column not found: 1054 Unknown column 'b.booking_status' in 'where clause'
[22-Oct-2025 04:00:44 Europe/Berlin] First query failed: SQLSTATE[42S22]: Column not found: 1054 Unknown column 'b.booking_status' in 'where clause'
[22-Oct-2025 04:00:44 Europe/Berlin] First query failed: SQLSTATE[42S22]: Column not found: 1054 Unknown column 'b.booking_status' in 'where clause'
[22-Oct-2025 04:00:48 Europe/Berlin] First query failed: SQLSTATE[42S22]: Column not found: 1054 Unknown column 'b.booking_status' in 'where clause'
[22-Oct-2025 04:00:48 Europe/Berlin] First query failed: SQLSTATE[42S22]: Column not found: 1054 Unknown column 'b.booking_status' in 'where clause'
[22-Oct-2025 04:00:53 Europe/Berlin] First query failed: SQLSTATE[42S22]: Column not found: 1054 Unknown column 'b.booking_status' in 'where clause'
[22-Oct-2025 04:00:53 Europe/Berlin] First query failed: SQLSTATE[42S22]: Column not found: 1054 Unknown column 'b.booking_status' in 'where clause'
[22-Oct-2025 04:00:57 Europe/Berlin] First query failed: SQLSTATE[42S22]: Column not found: 1054 Unknown column 'b.booking_status' in 'where clause'
[22-Oct-2025 04:00:57 Europe/Berlin] First query failed: SQLSTATE[42S22]: Column not found: 1054 Unknown column 'b.booking_status' in 'where clause'
[22-Oct-2025 04:09:51 Europe/Berlin] First query failed: SQLSTATE[42S22]: Column not found: 1054 Unknown column 'b.booking_status' in 'where clause'
[22-Oct-2025 04:09:51 Europe/Berlin] First query failed: SQLSTATE[42S22]: Column not found: 1054 Unknown column 'b.booking_status' in 'where clause'
[22-Oct-2025 04:09:57 Europe/Berlin] First query failed: SQLSTATE[42S22]: Column not found: 1054 Unknown column 'b.booking_status' in 'where clause'
[22-Oct-2025 04:09:57 Europe/Berlin] First query failed: SQLSTATE[42S22]: Column not found: 1054 Unknown column 'b.booking_status' in 'where clause'
[22-Oct-2025 04:45:22 Europe/Berlin] First query failed: SQLSTATE[42S22]: Column not found: 1054 Unknown column 'b.booking_status' in 'where clause'
[22-Oct-2025 04:45:24 Europe/Berlin] First query failed: SQLSTATE[42S22]: Column not found: 1054 Unknown column 'b.booking_status' in 'where clause'
[22-Oct-2025 04:45:42 Europe/Berlin] First query failed: SQLSTATE[42S22]: Column not found: 1054 Unknown column 'b.booking_status' in 'where clause'
[22-Oct-2025 04:45:48 Europe/Berlin] First query failed: SQLSTATE[42S22]: Column not found: 1054 Unknown column 'b.booking_status' in 'where clause'
[22-Oct-2025 04:45:52 Europe/Berlin] First query failed: SQLSTATE[42S22]: Column not found: 1054 Unknown column 'b.booking_status' in 'where clause'
[22-Oct-2025 04:45:56 Europe/Berlin] First query failed: SQLSTATE[42S22]: Column not found: 1054 Unknown column 'b.booking_status' in 'where clause'
[22-Oct-2025 04:46:18 Europe/Berlin] First query failed: SQLSTATE[42S22]: Column not found: 1054 Unknown column 'b.booking_status' in 'where clause'
[22-Oct-2025 04:46:25 Europe/Berlin] First query failed: SQLSTATE[42S22]: Column not found: 1054 Unknown column 'b.booking_status' in 'where clause'
[22-Oct-2025 04:46:32 Europe/Berlin] First query failed: SQLSTATE[42S22]: Column not found: 1054 Unknown column 'b.booking_status' in 'where clause'
[22-Oct-2025 04:46:39 Europe/Berlin] First query failed: SQLSTATE[42S22]: Column not found: 1054 Unknown column 'b.booking_status' in 'where clause'
[22-Oct-2025 05:31:20 Europe/Berlin] First query failed: SQLSTATE[42S22]: Column not found: 1054 Unknown column 'b.booking_status' in 'where clause'
[22-Oct-2025 05:31:20 Europe/Berlin] First query failed: SQLSTATE[42S22]: Column not found: 1054 Unknown column 'b.booking_status' in 'where clause'
[22-Oct-2025 05:33:18 Europe/Berlin] First query failed: SQLSTATE[42S22]: Column not found: 1054 Unknown column 'b.booking_status' in 'where clause'
[22-Oct-2025 05:33:21 Europe/Berlin] First query failed: SQLSTATE[42S22]: Column not found: 1054 Unknown column 'b.booking_status' in 'where clause'
[22-Oct-2025 05:34:40 Europe/Berlin] First query failed: SQLSTATE[42S22]: Column not found: 1054 Unknown column 'b.booking_status' in 'where clause'
[22-Oct-2025 05:34:40 Europe/Berlin] First query failed: SQLSTATE[42S22]: Column not found: 1054 Unknown column 'b.booking_status' in 'where clause'
[22-Oct-2025 05:34:56 Europe/Berlin] First query failed: SQLSTATE[42S22]: Column not found: 1054 Unknown column 'b.booking_status' in 'where clause'
[22-Oct-2025 05:35:02 Europe/Berlin] First query failed: SQLSTATE[42S22]: Column not found: 1054 Unknown column 'b.booking_status' in 'where clause'
[22-Oct-2025 05:35:07 Europe/Berlin] First query failed: SQLSTATE[42S22]: Column not found: 1054 Unknown column 'b.booking_status' in 'where clause'
[22-Oct-2025 05:43:21 Europe/Berlin] First query failed: SQLSTATE[42S22]: Column not found: 1054 Unknown column 'b.booking_status' in 'where clause'
[22-Oct-2025 05:43:54 Europe/Berlin] First query failed: SQLSTATE[42S22]: Column not found: 1054 Unknown column 'b.booking_status' in 'where clause'
[22-Oct-2025 05:43:59 Europe/Berlin] First query failed: SQLSTATE[42S22]: Column not found: 1054 Unknown column 'b.booking_status' in 'where clause'
[22-Oct-2025 05:44:02 Europe/Berlin] First query failed: SQLSTATE[42S22]: Column not found: 1054 Unknown column 'b.booking_status' in 'where clause'
[22-Oct-2025 05:44:04 Europe/Berlin] First query failed: SQLSTATE[42S22]: Column not found: 1054 Unknown column 'b.booking_status' in 'where clause'
[22-Oct-2025 05:44:53 Europe/Berlin] First query failed: SQLSTATE[42S22]: Column not found: 1054 Unknown column 'b.booking_status' in 'where clause'
[22-Oct-2025 05:44:53 Europe/Berlin] First query failed: SQLSTATE[42S22]: Column not found: 1054 Unknown column 'b.booking_status' in 'where clause'
[22-Oct-2025 05:45:20 Europe/Berlin] First query failed: SQLSTATE[42S22]: Column not found: 1054 Unknown column 'b.booking_status' in 'where clause'
[22-Oct-2025 05:45:20 Europe/Berlin] First query failed: SQLSTATE[42S22]: Column not found: 1054 Unknown column 'b.booking_status' in 'where clause'
[22-Oct-2025 05:52:13 Europe/Berlin] First query failed: SQLSTATE[42S22]: Column not found: 1054 Unknown column 'b.booking_status' in 'where clause'
[22-Oct-2025 05:53:35 Europe/Berlin] First query failed: SQLSTATE[42S22]: Column not found: 1054 Unknown column 'b.booking_status' in 'where clause'
[22-Oct-2025 05:53:48 Europe/Berlin] First query failed: SQLSTATE[42S22]: Column not found: 1054 Unknown column 'b.booking_status' in 'where clause'
[22-Oct-2025 06:13:09 Europe/Berlin] First query failed: SQLSTATE[42S22]: Column not found: 1054 Unknown column 'b.booking_status' in 'where clause'
[22-Oct-2025 06:13:13 Europe/Berlin] First query failed: SQLSTATE[42S22]: Column not found: 1054 Unknown column 'b.booking_status' in 'where clause'
[22-Oct-2025 06:20:28 Europe/Berlin] First query failed: SQLSTATE[42S22]: Column not found: 1054 Unknown column 'b.booking_status' in 'where clause'
[22-Oct-2025 06:20:32 Europe/Berlin] First query failed: SQLSTATE[42S22]: Column not found: 1054 Unknown column 'b.booking_status' in 'where clause'
[22-Oct-2025 06:23:57 Europe/Berlin] First query failed: SQLSTATE[42S22]: Column not found: 1054 Unknown column 'b.booking_status' in 'where clause'
[22-Oct-2025 06:23:57 Europe/Berlin] First query failed: SQLSTATE[42S22]: Column not found: 1054 Unknown column 'b.booking_status' in 'where clause'
[22-Oct-2025 06:24:41 Europe/Berlin] First query failed: SQLSTATE[42S22]: Column not found: 1054 Unknown column 'b.booking_status' in 'where clause'
[22-Oct-2025 06:24:41 Europe/Berlin] First query failed: SQLSTATE[42S22]: Column not found: 1054 Unknown column 'b.booking_status' in 'where clause'
[22-Oct-2025 06:25:09 Europe/Berlin] First query failed: SQLSTATE[42S22]: Column not found: 1054 Unknown column 'b.booking_status' in 'where clause'
[22-Oct-2025 06:25:50 Europe/Berlin] First query failed: SQLSTATE[42S22]: Column not found: 1054 Unknown column 'b.booking_status' in 'where clause'
[22-Oct-2025 06:26:06 Europe/Berlin] First query failed: SQLSTATE[42S22]: Column not found: 1054 Unknown column 'b.booking_status' in 'where clause'
[22-Oct-2025 06:26:11 Europe/Berlin] First query failed: SQLSTATE[42S22]: Column not found: 1054 Unknown column 'b.booking_status' in 'where clause'
[22-Oct-2025 06:26:17 Europe/Berlin] First query failed: SQLSTATE[42S22]: Column not found: 1054 Unknown column 'b.booking_status' in 'where clause'
[22-Oct-2025 06:27:52 Europe/Berlin] First query failed: SQLSTATE[42S22]: Column not found: 1054 Unknown column 'b.booking_status' in 'where clause'
[22-Oct-2025 06:27:56 Europe/Berlin] First query failed: SQLSTATE[42S22]: Column not found: 1054 Unknown column 'b.booking_status' in 'where clause'
[22-Oct-2025 06:39:01 Europe/Berlin] First query failed: SQLSTATE[42S22]: Column not found: 1054 Unknown column 'b.booking_status' in 'where clause'
[22-Oct-2025 06:39:01 Europe/Berlin] First query failed: SQLSTATE[42S22]: Column not found: 1054 Unknown column 'b.booking_status' in 'where clause'
[22-Oct-2025 06:39:15 Europe/Berlin] First query failed: SQLSTATE[42S22]: Column not found: 1054 Unknown column 'b.booking_status' in 'where clause'
[22-Oct-2025 06:39:22 Europe/Berlin] First query failed: SQLSTATE[42S22]: Column not found: 1054 Unknown column 'b.booking_status' in 'where clause'
[22-Oct-2025 06:39:34 Europe/Berlin] First query failed: SQLSTATE[42S22]: Column not found: 1054 Unknown column 'b.booking_status' in 'where clause'
[22-Oct-2025 06:39:37 Europe/Berlin] First query failed: SQLSTATE[42S22]: Column not found: 1054 Unknown column 'b.booking_status' in 'where clause'
[22-Oct-2025 06:39:41 Europe/Berlin] First query failed: SQLSTATE[42S22]: Column not found: 1054 Unknown column 'b.booking_status' in 'where clause'
[22-Oct-2025 06:39:55 Europe/Berlin] First query failed: SQLSTATE[42S22]: Column not found: 1054 Unknown column 'b.booking_status' in 'where clause'
[22-Oct-2025 06:39:59 Europe/Berlin] First query failed: SQLSTATE[42S22]: Column not found: 1054 Unknown column 'b.booking_status' in 'where clause'
[22-Oct-2025 06:40:02 Europe/Berlin] First query failed: SQLSTATE[42S22]: Column not found: 1054 Unknown column 'b.booking_status' in 'where clause'
[22-Oct-2025 06:40:13 Europe/Berlin] First query failed: SQLSTATE[42S22]: Column not found: 1054 Unknown column 'b.booking_status' in 'where clause'
[22-Oct-2025 06:40:44 Europe/Berlin] First query failed: SQLSTATE[42S22]: Column not found: 1054 Unknown column 'b.booking_status' in 'where clause'
[22-Oct-2025 06:40:49 Europe/Berlin] First query failed: SQLSTATE[42S22]: Column not found: 1054 Unknown column 'b.booking_status' in 'where clause'
[22-Oct-2025 06:40:52 Europe/Berlin] First query failed: SQLSTATE[42S22]: Column not found: 1054 Unknown column 'b.booking_status' in 'where clause'
[22-Oct-2025 06:40:55 Europe/Berlin] First query failed: SQLSTATE[42S22]: Column not found: 1054 Unknown column 'b.booking_status' in 'where clause'
[22-Oct-2025 06:41:05 Europe/Berlin] First query failed: SQLSTATE[42S22]: Column not found: 1054 Unknown column 'b.booking_status' in 'where clause'
[22-Oct-2025 06:41:08 Europe/Berlin] First query failed: SQLSTATE[42S22]: Column not found: 1054 Unknown column 'b.booking_status' in 'where clause'
[22-Oct-2025 06:41:10 Europe/Berlin] First query failed: SQLSTATE[42S22]: Column not found: 1054 Unknown column 'b.booking_status' in 'where clause'
[22-Oct-2025 06:42:28 Europe/Berlin] First query failed: SQLSTATE[42S22]: Column not found: 1054 Unknown column 'b.booking_status' in 'where clause'
[22-Oct-2025 06:42:32 Europe/Berlin] First query failed: SQLSTATE[42S22]: Column not found: 1054 Unknown column 'b.booking_status' in 'where clause'
[22-Oct-2025 06:43:04 Europe/Berlin] First query failed: SQLSTATE[42S22]: Column not found: 1054 Unknown column 'b.booking_status' in 'where clause'
[22-Oct-2025 06:43:04 Europe/Berlin] First query failed: SQLSTATE[42S22]: Column not found: 1054 Unknown column 'b.booking_status' in 'where clause'
[22-Oct-2025 06:43:10 Europe/Berlin] First query failed: SQLSTATE[42S22]: Column not found: 1054 Unknown column 'b.booking_status' in 'where clause'
[22-Oct-2025 06:43:10 Europe/Berlin] First query failed: SQLSTATE[42S22]: Column not found: 1054 Unknown column 'b.booking_status' in 'where clause'
[22-Oct-2025 06:43:17 Europe/Berlin] First query failed: SQLSTATE[42S22]: Column not found: 1054 Unknown column 'b.booking_status' in 'where clause'
[22-Oct-2025 06:43:17 Europe/Berlin] First query failed: SQLSTATE[42S22]: Column not found: 1054 Unknown column 'b.booking_status' in 'where clause'
[22-Oct-2025 06:43:24 Europe/Berlin] First query failed: SQLSTATE[42S22]: Column not found: 1054 Unknown column 'b.booking_status' in 'where clause'
[22-Oct-2025 06:43:24 Europe/Berlin] First query failed: SQLSTATE[42S22]: Column not found: 1054 Unknown column 'b.booking_status' in 'where clause'
[22-Oct-2025 06:43:30 Europe/Berlin] First query failed: SQLSTATE[42S22]: Column not found: 1054 Unknown column 'b.booking_status' in 'where clause'
[22-Oct-2025 06:43:30 Europe/Berlin] First query failed: SQLSTATE[42S22]: Column not found: 1054 Unknown column 'b.booking_status' in 'where clause'
[22-Oct-2025 06:43:36 Europe/Berlin] First query failed: SQLSTATE[42S22]: Column not found: 1054 Unknown column 'b.booking_status' in 'where clause'
[22-Oct-2025 06:43:36 Europe/Berlin] First query failed: SQLSTATE[42S22]: Column not found: 1054 Unknown column 'b.booking_status' in 'where clause'
[22-Oct-2025 06:43:43 Europe/Berlin] First query failed: SQLSTATE[42S22]: Column not found: 1054 Unknown column 'b.booking_status' in 'where clause'
[22-Oct-2025 06:43:43 Europe/Berlin] First query failed: SQLSTATE[42S22]: Column not found: 1054 Unknown column 'b.booking_status' in 'where clause'
[22-Oct-2025 07:04:45 Europe/Berlin] First query failed: SQLSTATE[42S22]: Column not found: 1054 Unknown column 'b.booking_status' in 'where clause'
[22-Oct-2025 07:04:45 Europe/Berlin] First query failed: SQLSTATE[42S22]: Column not found: 1054 Unknown column 'b.booking_status' in 'where clause'
[22-Oct-2025 07:04:51 Europe/Berlin] First query failed: SQLSTATE[42S22]: Column not found: 1054 Unknown column 'b.booking_status' in 'where clause'
[22-Oct-2025 07:04:51 Europe/Berlin] First query failed: SQLSTATE[42S22]: Column not found: 1054 Unknown column 'b.booking_status' in 'where clause'
[22-Oct-2025 07:05:30 Europe/Berlin] First query failed: SQLSTATE[42S22]: Column not found: 1054 Unknown column 'b.booking_status' in 'where clause'
[22-Oct-2025 07:05:30 Europe/Berlin] First query failed: SQLSTATE[42S22]: Column not found: 1054 Unknown column 'b.booking_status' in 'where clause'
[22-Oct-2025 07:08:06 Europe/Berlin] First query failed: SQLSTATE[42S22]: Column not found: 1054 Unknown column 'b.booking_status' in 'where clause'
[22-Oct-2025 07:08:06 Europe/Berlin] First query failed: SQLSTATE[42S22]: Column not found: 1054 Unknown column 'b.booking_status' in 'where clause'
[22-Oct-2025 07:08:15 Europe/Berlin] First query failed: SQLSTATE[42S22]: Column not found: 1054 Unknown column 'b.booking_status' in 'where clause'
[22-Oct-2025 07:08:15 Europe/Berlin] First query failed: SQLSTATE[42S22]: Column not found: 1054 Unknown column 'b.booking_status' in 'where clause'
[22-Oct-2025 07:08:21 Europe/Berlin] First query failed: SQLSTATE[42S22]: Column not found: 1054 Unknown column 'b.booking_status' in 'where clause'
[22-Oct-2025 07:08:21 Europe/Berlin] First query failed: SQLSTATE[42S22]: Column not found: 1054 Unknown column 'b.booking_status' in 'where clause'
[22-Oct-2025 07:08:44 Europe/Berlin] First query failed: SQLSTATE[42S22]: Column not found: 1054 Unknown column 'b.booking_status' in 'where clause'
[22-Oct-2025 07:08:44 Europe/Berlin] First query failed: SQLSTATE[42S22]: Column not found: 1054 Unknown column 'b.booking_status' in 'where clause'
[23-Oct-2025 05:46:09 Europe/Berlin] First query failed: SQLSTATE[42S22]: Column not found: 1054 Unknown column 'b.booking_status' in 'where clause'
[23-Oct-2025 05:46:09 Europe/Berlin] First query failed: SQLSTATE[42S22]: Column not found: 1054 Unknown column 'b.booking_status' in 'where clause'
[23-Oct-2025 05:46:16 Europe/Berlin] First query failed: SQLSTATE[42S22]: Column not found: 1054 Unknown column 'b.booking_status' in 'where clause'
[23-Oct-2025 05:46:16 Europe/Berlin] First query failed: SQLSTATE[42S22]: Column not found: 1054 Unknown column 'b.booking_status' in 'where clause'
[23-Oct-2025 05:46:22 Europe/Berlin] First query failed: SQLSTATE[42S22]: Column not found: 1054 Unknown column 'b.booking_status' in 'where clause'
[23-Oct-2025 05:46:22 Europe/Berlin] First query failed: SQLSTATE[42S22]: Column not found: 1054 Unknown column 'b.booking_status' in 'where clause'
[23-Oct-2025 05:46:37 Europe/Berlin] First query failed: SQLSTATE[42S22]: Column not found: 1054 Unknown column 'b.booking_status' in 'where clause'
[23-Oct-2025 05:46:37 Europe/Berlin] First query failed: SQLSTATE[42S22]: Column not found: 1054 Unknown column 'b.booking_status' in 'where clause'
[23-Oct-2025 05:47:18 Europe/Berlin] First query failed: SQLSTATE[42S22]: Column not found: 1054 Unknown column 'b.booking_status' in 'where clause'
[23-Oct-2025 05:47:35 Europe/Berlin] First query failed: SQLSTATE[42S22]: Column not found: 1054 Unknown column 'b.booking_status' in 'where clause'
[23-Oct-2025 05:47:35 Europe/Berlin] First query failed: SQLSTATE[42S22]: Column not found: 1054 Unknown column 'b.booking_status' in 'where clause'
[23-Oct-2025 05:47:42 Europe/Berlin] First query failed: SQLSTATE[42S22]: Column not found: 1054 Unknown column 'b.booking_status' in 'where clause'
[23-Oct-2025 05:47:42 Europe/Berlin] First query failed: SQLSTATE[42S22]: Column not found: 1054 Unknown column 'b.booking_status' in 'where clause'
[23-Oct-2025 05:47:48 Europe/Berlin] First query failed: SQLSTATE[42S22]: Column not found: 1054 Unknown column 'b.booking_status' in 'where clause'
[23-Oct-2025 05:47:48 Europe/Berlin] First query failed: SQLSTATE[42S22]: Column not found: 1054 Unknown column 'b.booking_status' in 'where clause'
[23-Oct-2025 05:47:53 Europe/Berlin] First query failed: SQLSTATE[42S22]: Column not found: 1054 Unknown column 'b.booking_status' in 'where clause'
[23-Oct-2025 05:47:53 Europe/Berlin] First query failed: SQLSTATE[42S22]: Column not found: 1054 Unknown column 'b.booking_status' in 'where clause'
[23-Oct-2025 05:47:57 Europe/Berlin] First query failed: SQLSTATE[42S22]: Column not found: 1054 Unknown column 'b.booking_status' in 'where clause'
[23-Oct-2025 05:47:57 Europe/Berlin] First query failed: SQLSTATE[42S22]: Column not found: 1054 Unknown column 'b.booking_status' in 'where clause'
[23-Oct-2025 05:48:03 Europe/Berlin] First query failed: SQLSTATE[42S22]: Column not found: 1054 Unknown column 'b.booking_status' in 'where clause'
[23-Oct-2025 05:48:03 Europe/Berlin] First query failed: SQLSTATE[42S22]: Column not found: 1054 Unknown column 'b.booking_status' in 'where clause'
[23-Oct-2025 05:48:16 Europe/Berlin] First query failed: SQLSTATE[42S22]: Column not found: 1054 Unknown column 'b.booking_status' in 'where clause'
[23-Oct-2025 05:48:21 Europe/Berlin] First query failed: SQLSTATE[42S22]: Column not found: 1054 Unknown column 'b.booking_status' in 'where clause'
[23-Oct-2025 05:48:24 Europe/Berlin] First query failed: SQLSTATE[42S22]: Column not found: 1054 Unknown column 'b.booking_status' in 'where clause'
[23-Oct-2025 05:48:27 Europe/Berlin] First query failed: SQLSTATE[42S22]: Column not found: 1054 Unknown column 'b.booking_status' in 'where clause'
[23-Oct-2025 05:58:56 Europe/Berlin] First query failed: SQLSTATE[42S22]: Column not found: 1054 Unknown column 'b.booking_status' in 'where clause'
[23-Oct-2025 05:58:56 Europe/Berlin] First query failed: SQLSTATE[42S22]: Column not found: 1054 Unknown column 'b.booking_status' in 'where clause'
[23-Oct-2025 05:59:21 Europe/Berlin] First query failed: SQLSTATE[42S22]: Column not found: 1054 Unknown column 'b.booking_status' in 'where clause'
[23-Oct-2025 05:59:21 Europe/Berlin] First query failed: SQLSTATE[42S22]: Column not found: 1054 Unknown column 'b.booking_status' in 'where clause'
[23-Oct-2025 05:59:26 Europe/Berlin] First query failed: SQLSTATE[42S22]: Column not found: 1054 Unknown column 'b.booking_status' in 'where clause'
[23-Oct-2025 05:59:26 Europe/Berlin] First query failed: SQLSTATE[42S22]: Column not found: 1054 Unknown column 'b.booking_status' in 'where clause'
[23-Oct-2025 06:31:59 Europe/Berlin] First query failed: SQLSTATE[42S22]: Column not found: 1054 Unknown column 'b.booking_status' in 'where clause'
[23-Oct-2025 06:31:59 Europe/Berlin] First query failed: SQLSTATE[42S22]: Column not found: 1054 Unknown column 'b.booking_status' in 'where clause'
[23-Oct-2025 06:32:31 Europe/Berlin] First query failed: SQLSTATE[42S22]: Column not found: 1054 Unknown column 'b.booking_status' in 'where clause'
[23-Oct-2025 06:32:31 Europe/Berlin] First query failed: SQLSTATE[42S22]: Column not found: 1054 Unknown column 'b.booking_status' in 'where clause'
[23-Oct-2025 06:32:40 Europe/Berlin] First query failed: SQLSTATE[42S22]: Column not found: 1054 Unknown column 'b.booking_status' in 'where clause'
[23-Oct-2025 06:32:40 Europe/Berlin] First query failed: SQLSTATE[42S22]: Column not found: 1054 Unknown column 'b.booking_status' in 'where clause'
[23-Oct-2025 06:33:04 Europe/Berlin] First query failed: SQLSTATE[42S22]: Column not found: 1054 Unknown column 'b.booking_status' in 'where clause'
[23-Oct-2025 06:33:11 Europe/Berlin] First query failed: SQLSTATE[42S22]: Column not found: 1054 Unknown column 'b.booking_status' in 'where clause'
[23-Oct-2025 06:33:17 Europe/Berlin] First query failed: SQLSTATE[42S22]: Column not found: 1054 Unknown column 'b.booking_status' in 'where clause'
[23-Oct-2025 06:34:30 Europe/Berlin] First query failed: SQLSTATE[42S22]: Column not found: 1054 Unknown column 'b.booking_status' in 'where clause'
[23-Oct-2025 06:34:30 Europe/Berlin] First query failed: SQLSTATE[42S22]: Column not found: 1054 Unknown column 'b.booking_status' in 'where clause'
[23-Oct-2025 06:34:46 Europe/Berlin] First query failed: SQLSTATE[42S22]: Column not found: 1054 Unknown column 'b.booking_status' in 'where clause'
[23-Oct-2025 06:34:46 Europe/Berlin] First query failed: SQLSTATE[42S22]: Column not found: 1054 Unknown column 'b.booking_status' in 'where clause'
[23-Oct-2025 10:59:45 Europe/Berlin] First query failed: SQLSTATE[42S22]: Column not found: 1054 Unknown column 'b.booking_status' in 'where clause'
[23-Oct-2025 10:59:45 Europe/Berlin] First query failed: SQLSTATE[42S22]: Column not found: 1054 Unknown column 'b.booking_status' in 'where clause'
[23-Oct-2025 10:59:59 Europe/Berlin] First query failed: SQLSTATE[42S22]: Column not found: 1054 Unknown column 'b.booking_status' in 'where clause'
[23-Oct-2025 10:59:59 Europe/Berlin] First query failed: SQLSTATE[42S22]: Column not found: 1054 Unknown column 'b.booking_status' in 'where clause'
[23-Oct-2025 11:00:09 Europe/Berlin] First query failed: SQLSTATE[42S22]: Column not found: 1054 Unknown column 'b.booking_status' in 'where clause'
[23-Oct-2025 11:00:09 Europe/Berlin] First query failed: SQLSTATE[42S22]: Column not found: 1054 Unknown column 'b.booking_status' in 'where clause'
[24-Oct-2025 06:55:39 Europe/Berlin] First query failed: SQLSTATE[42S22]: Column not found: 1054 Unknown column 'b.booking_status' in 'where clause'
[24-Oct-2025 06:55:45 Europe/Berlin] First query failed: SQLSTATE[42S22]: Column not found: 1054 Unknown column 'b.booking_status' in 'where clause'
[24-Oct-2025 06:55:53 Europe/Berlin] First query failed: SQLSTATE[42S22]: Column not found: 1054 Unknown column 'b.booking_status' in 'where clause'
[24-Oct-2025 06:55:56 Europe/Berlin] First query failed: SQLSTATE[42S22]: Column not found: 1054 Unknown column 'b.booking_status' in 'where clause'
[24-Oct-2025 06:56:22 Europe/Berlin] First query failed: SQLSTATE[42S22]: Column not found: 1054 Unknown column 'b.booking_status' in 'where clause'
[24-Oct-2025 06:56:24 Europe/Berlin] First query failed: SQLSTATE[42S22]: Column not found: 1054 Unknown column 'b.booking_status' in 'where clause'
[24-Oct-2025 07:00:59 Europe/Berlin] First query failed: SQLSTATE[42S22]: Column not found: 1054 Unknown column 'b.booking_status' in 'where clause'
[24-Oct-2025 07:01:01 Europe/Berlin] First query failed: SQLSTATE[42S22]: Column not found: 1054 Unknown column 'b.booking_status' in 'where clause'
[24-Oct-2025 07:01:50 Europe/Berlin] First query failed: SQLSTATE[42S22]: Column not found: 1054 Unknown column 'b.booking_status' in 'where clause'
[24-Oct-2025 07:01:54 Europe/Berlin] First query failed: SQLSTATE[42S22]: Column not found: 1054 Unknown column 'b.booking_status' in 'where clause'
[24-Oct-2025 07:01:56 Europe/Berlin] First query failed: SQLSTATE[42S22]: Column not found: 1054 Unknown column 'b.booking_status' in 'where clause'
[24-Oct-2025 10:37:06 Europe/Berlin] First query failed: SQLSTATE[42S22]: Column not found: 1054 Unknown column 'b.booking_status' in 'where clause'
[24-Oct-2025 10:37:08 Europe/Berlin] First query failed: SQLSTATE[42S22]: Column not found: 1054 Unknown column 'b.booking_status' in 'where clause'
[03-Nov-2025 06:00:17 Europe/Berlin] First query failed: SQLSTATE[42S22]: Column not found: 1054 Unknown column 'b.booking_status' in 'where clause'
[03-Nov-2025 06:00:17 Europe/Berlin] First query failed: SQLSTATE[42S22]: Column not found: 1054 Unknown column 'b.booking_status' in 'where clause'
[06-Nov-2025 01:19:03 UTC] First query failed: SQLSTATE[42S22]: Column not found: 1054 Unknown column 'b.booking_status' in 'WHERE'
[06-Nov-2025 01:19:06 UTC] First query failed: SQLSTATE[42S22]: Column not found: 1054 Unknown column 'b.booking_status' in 'WHERE'
[06-Nov-2025 01:21:07 UTC] First query failed: SQLSTATE[42S22]: Column not found: 1054 Unknown column 'b.booking_status' in 'WHERE'
[06-Nov-2025 01:21:09 UTC] First query failed: SQLSTATE[42S22]: Column not found: 1054 Unknown column 'b.booking_status' in 'WHERE'
[06-Nov-2025 01:23:51 UTC] First query failed: SQLSTATE[42S22]: Column not found: 1054 Unknown column 'b.booking_status' in 'WHERE'
[06-Nov-2025 01:23:51 UTC] First query failed: SQLSTATE[42S22]: Column not found: 1054 Unknown column 'b.booking_status' in 'WHERE'
[06-Nov-2025 01:38:17 UTC] First query failed: SQLSTATE[42S22]: Column not found: 1054 Unknown column 'b.booking_status' in 'WHERE'
[06-Nov-2025 01:38:17 UTC] First query failed: SQLSTATE[42S22]: Column not found: 1054 Unknown column 'b.booking_status' in 'WHERE'
[06-Nov-2025 01:39:38 UTC] First query failed: SQLSTATE[42S22]: Column not found: 1054 Unknown column 'b.booking_status' in 'WHERE'
[06-Nov-2025 01:39:38 UTC] First query failed: SQLSTATE[42S22]: Column not found: 1054 Unknown column 'b.booking_status' in 'WHERE'
[06-Nov-2025 01:39:50 UTC] First query failed: SQLSTATE[42S22]: Column not found: 1054 Unknown column 'b.booking_status' in 'WHERE'
[06-Nov-2025 01:39:50 UTC] First query failed: SQLSTATE[42S22]: Column not found: 1054 Unknown column 'b.booking_status' in 'WHERE'
[06-Nov-2025 01:40:01 UTC] First query failed: SQLSTATE[42S22]: Column not found: 1054 Unknown column 'b.booking_status' in 'WHERE'
[06-Nov-2025 01:40:01 UTC] First query failed: SQLSTATE[42S22]: Column not found: 1054 Unknown column 'b.booking_status' in 'WHERE'
[06-Nov-2025 01:40:59 UTC] First query failed: SQLSTATE[42S22]: Column not found: 1054 Unknown column 'b.booking_status' in 'WHERE'
[06-Nov-2025 01:41:01 UTC] First query failed: SQLSTATE[42S22]: Column not found: 1054 Unknown column 'b.booking_status' in 'WHERE'
[06-Nov-2025 01:45:19 UTC] First query failed: SQLSTATE[42S22]: Column not found: 1054 Unknown column 'b.booking_status' in 'WHERE'
[06-Nov-2025 01:45:19 UTC] First query failed: SQLSTATE[42S22]: Column not found: 1054 Unknown column 'b.booking_status' in 'WHERE'
[06-Nov-2025 01:45:27 UTC] First query failed: SQLSTATE[42S22]: Column not found: 1054 Unknown column 'b.booking_status' in 'WHERE'
[06-Nov-2025 01:45:27 UTC] First query failed: SQLSTATE[42S22]: Column not found: 1054 Unknown column 'b.booking_status' in 'WHERE'
[06-Nov-2025 01:55:23 UTC] First query failed: SQLSTATE[42S22]: Column not found: 1054 Unknown column 'b.booking_status' in 'WHERE'
[06-Nov-2025 01:55:23 UTC] First query failed: SQLSTATE[42S22]: Column not found: 1054 Unknown column 'b.booking_status' in 'WHERE'
[06-Nov-2025 01:55:30 UTC] First query failed: SQLSTATE[42S22]: Column not found: 1054 Unknown column 'b.booking_status' in 'WHERE'
[06-Nov-2025 01:55:30 UTC] First query failed: SQLSTATE[42S22]: Column not found: 1054 Unknown column 'b.booking_status' in 'WHERE'
[06-Nov-2025 01:55:37 UTC] First query failed: SQLSTATE[42S22]: Column not found: 1054 Unknown column 'b.booking_status' in 'WHERE'
[06-Nov-2025 01:55:37 UTC] First query failed: SQLSTATE[42S22]: Column not found: 1054 Unknown column 'b.booking_status' in 'WHERE'
[06-Nov-2025 01:57:46 UTC] First query failed: SQLSTATE[42S22]: Column not found: 1054 Unknown column 'b.booking_status' in 'WHERE'
[06-Nov-2025 01:57:46 UTC] First query failed: SQLSTATE[42S22]: Column not found: 1054 Unknown column 'b.booking_status' in 'WHERE'
[06-Nov-2025 01:59:12 UTC] First query failed: SQLSTATE[42S22]: Column not found: 1054 Unknown column 'b.booking_status' in 'WHERE'
[06-Nov-2025 02:01:58 UTC] First query failed: SQLSTATE[42S22]: Column not found: 1054 Unknown column 'b.booking_status' in 'WHERE'
[06-Nov-2025 02:01:58 UTC] First query failed: SQLSTATE[42S22]: Column not found: 1054 Unknown column 'b.booking_status' in 'WHERE'
[06-Nov-2025 02:02:15 UTC] First query failed: SQLSTATE[42S22]: Column not found: 1054 Unknown column 'b.booking_status' in 'WHERE'
[06-Nov-2025 02:02:15 UTC] First query failed: SQLSTATE[42S22]: Column not found: 1054 Unknown column 'b.booking_status' in 'WHERE'
[06-Nov-2025 02:24:16 UTC] First query failed: SQLSTATE[42S22]: Column not found: 1054 Unknown column 'b.booking_status' in 'WHERE'
[06-Nov-2025 02:24:16 UTC] First query failed: SQLSTATE[42S22]: Column not found: 1054 Unknown column 'b.booking_status' in 'WHERE'
[06-Nov-2025 02:25:35 UTC] First query failed: SQLSTATE[42S22]: Column not found: 1054 Unknown column 'b.booking_status' in 'WHERE'
[06-Nov-2025 02:25:35 UTC] First query failed: SQLSTATE[42S22]: Column not found: 1054 Unknown column 'b.booking_status' in 'WHERE'
[06-Nov-2025 02:27:04 UTC] First query failed: SQLSTATE[42S22]: Column not found: 1054 Unknown column 'b.booking_status' in 'WHERE'
[06-Nov-2025 02:27:04 UTC] First query failed: SQLSTATE[42S22]: Column not found: 1054 Unknown column 'b.booking_status' in 'WHERE'
[06-Nov-2025 02:27:49 UTC] First query failed: SQLSTATE[42S22]: Column not found: 1054 Unknown column 'b.booking_status' in 'WHERE'
[06-Nov-2025 02:27:52 UTC] First query failed: SQLSTATE[42S22]: Column not found: 1054 Unknown column 'b.booking_status' in 'WHERE'
[06-Nov-2025 08:48:58 UTC] First query failed: SQLSTATE[42S22]: Column not found: 1054 Unknown column 'b.booking_status' in 'WHERE'
[06-Nov-2025 08:49:00 UTC] First query failed: SQLSTATE[42S22]: Column not found: 1054 Unknown column 'b.booking_status' in 'WHERE'
[06-Nov-2025 08:50:15 UTC] First query failed: SQLSTATE[42S22]: Column not found: 1054 Unknown column 'b.booking_status' in 'WHERE'
[10-Nov-2025 11:36:26 UTC] First query failed: SQLSTATE[42S22]: Column not found: 1054 Unknown column 'b.booking_status' in 'WHERE'
[10-Nov-2025 11:36:26 UTC] First query failed: SQLSTATE[42S22]: Column not found: 1054 Unknown column 'b.booking_status' in 'WHERE'
[11-Nov-2025 05:56:43 UTC] First query failed: SQLSTATE[42S22]: Column not found: 1054 Unknown column 'b.booking_status' in 'WHERE'
[11-Nov-2025 05:56:43 UTC] First query failed: SQLSTATE[42S22]: Column not found: 1054 Unknown column 'b.booking_status' in 'WHERE'
[11-Nov-2025 05:57:28 UTC] First query failed: SQLSTATE[42S22]: Column not found: 1054 Unknown column 'b.booking_status' in 'WHERE'
[11-Nov-2025 05:57:28 UTC] First query failed: SQLSTATE[42S22]: Column not found: 1054 Unknown column 'b.booking_status' in 'WHERE'
[11-Nov-2025 05:59:03 UTC] First query failed: SQLSTATE[42S22]: Column not found: 1054 Unknown column 'b.booking_status' in 'WHERE'
[11-Nov-2025 05:59:03 UTC] First query failed: SQLSTATE[42S22]: Column not found: 1054 Unknown column 'b.booking_status' in 'WHERE'
[11-Nov-2025 05:59:10 UTC] First query failed: SQLSTATE[42S22]: Column not found: 1054 Unknown column 'b.booking_status' in 'WHERE'
[11-Nov-2025 05:59:10 UTC] First query failed: SQLSTATE[42S22]: Column not found: 1054 Unknown column 'b.booking_status' in 'WHERE'
[11-Nov-2025 05:59:37 UTC] First query failed: SQLSTATE[42S22]: Column not found: 1054 Unknown column 'b.booking_status' in 'WHERE'
[11-Nov-2025 05:59:37 UTC] First query failed: SQLSTATE[42S22]: Column not found: 1054 Unknown column 'b.booking_status' in 'WHERE'
[11-Nov-2025 06:00:09 UTC] First query failed: SQLSTATE[42S22]: Column not found: 1054 Unknown column 'b.booking_status' in 'WHERE'
[11-Nov-2025 06:00:09 UTC] First query failed: SQLSTATE[42S22]: Column not found: 1054 Unknown column 'b.booking_status' in 'WHERE'
[13-Nov-2025 02:53:03 UTC] First query failed: SQLSTATE[42S22]: Column not found: 1054 Unknown column 'b.booking_status' in 'WHERE'
[13-Nov-2025 02:53:03 UTC] First query failed: SQLSTATE[42S22]: Column not found: 1054 Unknown column 'b.booking_status' in 'WHERE'
[13-Nov-2025 02:53:37 UTC] First query failed: SQLSTATE[42S22]: Column not found: 1054 Unknown column 'b.booking_status' in 'WHERE'
[13-Nov-2025 02:53:37 UTC] First query failed: SQLSTATE[42S22]: Column not found: 1054 Unknown column 'b.booking_status' in 'WHERE'
[13-Nov-2025 02:57:24 UTC] First query failed: SQLSTATE[42S22]: Column not found: 1054 Unknown column 'b.booking_status' in 'WHERE'
[13-Nov-2025 02:57:35 UTC] First query failed: SQLSTATE[42S22]: Column not found: 1054 Unknown column 'b.booking_status' in 'WHERE'
[13-Nov-2025 02:58:13 UTC] First query failed: SQLSTATE[42S22]: Column not found: 1054 Unknown column 'b.booking_status' in 'WHERE'
[13-Nov-2025 02:58:13 UTC] First query failed: SQLSTATE[42S22]: Column not found: 1054 Unknown column 'b.booking_status' in 'WHERE'
[13-Nov-2025 02:58:30 UTC] First query failed: SQLSTATE[42S22]: Column not found: 1054 Unknown column 'b.booking_status' in 'WHERE'
[13-Nov-2025 02:58:30 UTC] First query failed: SQLSTATE[42S22]: Column not found: 1054 Unknown column 'b.booking_status' in 'WHERE'
[13-Nov-2025 02:59:26 UTC] First query failed: SQLSTATE[42S22]: Column not found: 1054 Unknown column 'b.booking_status' in 'WHERE'
[13-Nov-2025 02:59:28 UTC] First query failed: SQLSTATE[42S22]: Column not found: 1054 Unknown column 'b.booking_status' in 'WHERE'
[13-Nov-2025 03:09:13 UTC] First query failed: SQLSTATE[42S22]: Column not found: 1054 Unknown column 'b.booking_status' in 'WHERE'
[13-Nov-2025 03:09:28 UTC] First query failed: SQLSTATE[42S22]: Column not found: 1054 Unknown column 'b.booking_status' in 'WHERE'
[14-Nov-2025 01:13:41 UTC] First query failed: SQLSTATE[42S22]: Column not found: 1054 Unknown column 'b.booking_status' in 'WHERE'
[14-Nov-2025 01:13:43 UTC] First query failed: SQLSTATE[42S22]: Column not found: 1054 Unknown column 'b.booking_status' in 'WHERE'
[14-Nov-2025 04:43:56 UTC] First query failed: SQLSTATE[42S22]: Column not found: 1054 Unknown column 'b.booking_status' in 'WHERE'
[14-Nov-2025 04:43:56 UTC] First query failed: SQLSTATE[42S22]: Column not found: 1054 Unknown column 'b.booking_status' in 'WHERE'
[14-Nov-2025 04:43:56 UTC] First query failed: SQLSTATE[42S22]: Column not found: 1054 Unknown column 'b.booking_status' in 'WHERE'
[14-Nov-2025 04:44:23 UTC] First query failed: SQLSTATE[42S22]: Column not found: 1054 Unknown column 'b.booking_status' in 'WHERE'
[14-Nov-2025 04:44:25 UTC] First query failed: SQLSTATE[42S22]: Column not found: 1054 Unknown column 'b.booking_status' in 'WHERE'
[14-Nov-2025 04:56:14 UTC] First query failed: SQLSTATE[42S22]: Column not found: 1054 Unknown column 'b.booking_status' in 'WHERE'
[14-Nov-2025 04:56:17 UTC] First query failed: SQLSTATE[42S22]: Column not found: 1054 Unknown column 'b.booking_status' in 'WHERE'
[14-Nov-2025 04:56:31 UTC] First query failed: SQLSTATE[42S22]: Column not found: 1054 Unknown column 'b.booking_status' in 'WHERE'
