[2025-04-06 12:27:01] Database error: SQLSTATE[42S22]: Column not found: 1054 Unknown column 'content' in 'field list'
[2025-04-06 12:28:01] Database error: SQLSTATE[42S22]: Column not found: 1054 Unknown column 'content' in 'field list'
[2025-04-06 12:28:27] Database error: SQLSTATE[42S22]: Column not found: 1054 Unknown column 'content' in 'field list'
[2025-04-06 12:28:27] Database error: SQLSTATE[42S22]: Column not found: 1054 Unknown column 'content' in 'field list'
[2025-04-06 12:28:33] Database error: SQLSTATE[42S22]: Column not found: 1054 Unknown column 'content' in 'field list'
[2025-04-06 12:28:47] Database error: SQLSTATE[42S22]: Column not found: 1054 Unknown column 'content' in 'field list'
[2025-04-06 12:28:49] Database error: SQLSTATE[42S22]: Column not found: 1054 Unknown column 'content' in 'field list'
[2025-04-06 12:28:52] Database error: SQLSTATE[42S22]: Column not found: 1054 Unknown column 'content' in 'field list'
[2025-04-06 12:28:56] Database error: SQLSTATE[42S22]: Column not found: 1054 Unknown column 'content' in 'field list'
[2025-04-06 12:28:58] Database error: SQLSTATE[42S22]: Column not found: 1054 Unknown column 'content' in 'field list'
[2025-04-06 12:29:01] Database error: SQLSTATE[42S22]: Column not found: 1054 Unknown column 'content' in 'field list'
[2025-04-06 12:29:04] Database error: SQLSTATE[42S22]: Column not found: 1054 Unknown column 'content' in 'field list'
[2025-04-06 12:29:07] Database error: SQLSTATE[42S22]: Column not found: 1054 Unknown column 'content' in 'field list'
[2025-04-06 12:29:10] Database error: SQLSTATE[42S22]: Column not found: 1054 Unknown column 'content' in 'field list'
[2025-04-06 12:29:13] Database error: SQLSTATE[42S22]: Column not found: 1054 Unknown column 'content' in 'field list'
[2025-04-06 12:29:21] Database error: SQLSTATE[42S22]: Column not found: 1054 Unknown column 'content' in 'field list'
[2025-04-06 12:29:24] Database error: SQLSTATE[42S22]: Column not found: 1054 Unknown column 'content' in 'field list'
[2025-04-06 12:29:25] Database error: SQLSTATE[42S22]: Column not found: 1054 Unknown column 'content' in 'field list'
[2025-04-06 12:29:28] Database error: SQLSTATE[42S22]: Column not found: 1054 Unknown column 'content' in 'field list'
[2025-04-06 12:29:32] Database error: SQLSTATE[42S22]: Column not found: 1054 Unknown column 'content' in 'field list'
[2025-04-06 12:29:35] Database error: SQLSTATE[42S22]: Column not found: 1054 Unknown column 'content' in 'field list'
[2025-04-06 12:35:01] Database error: SQLSTATE[42S22]: Column not found: 1054 Unknown column 'm1.reply_to_id' in 'on clause'
[2025-04-06 12:36:01] Database error: SQLSTATE[42S22]: Column not found: 1054 Unknown column 'm1.reply_to_id' in 'on clause'
[2025-04-06 12:37:01] Database error: SQLSTATE[42S22]: Column not found: 1054 Unknown column 'm1.reply_to_id' in 'on clause'
[2025-04-06 12:38:01] Database error: SQLSTATE[42S22]: Column not found: 1054 Unknown column 'm1.reply_to_id' in 'on clause'
[2025-04-06 12:39:01] Database error: SQLSTATE[42S22]: Column not found: 1054 Unknown column 'm1.reply_to_id' in 'on clause'
[2025-04-06 12:40:01] Database error: SQLSTATE[42S22]: Column not found: 1054 Unknown column 'm1.reply_to_id' in 'on clause'
[2025-04-08 06:34:52] Database error: SQLSTATE[42S22]: Column not found: 1054 Unknown column 'm1.reply_to_id' in 'on clause'
[2025-04-08 06:34:54] Database error: SQLSTATE[42S22]: Column not found: 1054 Unknown column 'm1.reply_to_id' in 'on clause'
[2025-04-08 06:35:02] Database error: SQLSTATE[42S22]: Column not found: 1054 Unknown column 'm1.reply_to_id' in 'on clause'
[2025-04-08 06:35:05] Database error: SQLSTATE[42S22]: Column not found: 1054 Unknown column 'm1.reply_to_id' in 'on clause'
[2025-04-08 06:35:08] Database error: SQLSTATE[42S22]: Column not found: 1054 Unknown column 'm1.reply_to_id' in 'on clause'
[2025-04-08 06:35:16] Database error: SQLSTATE[42S22]: Column not found: 1054 Unknown column 'm1.reply_to_id' in 'on clause'
[2025-04-08 06:35:17] Database error: SQLSTATE[42S22]: Column not found: 1054 Unknown column 'm1.reply_to_id' in 'on clause'
[2025-04-08 06:35:20] Database error: SQLSTATE[42S22]: Column not found: 1054 Unknown column 'm1.reply_to_id' in 'on clause'
[2025-04-08 06:35:23] Database error: SQLSTATE[42S22]: Column not found: 1054 Unknown column 'm1.reply_to_id' in 'on clause'
[2025-04-08 06:35:26] Database error: SQLSTATE[42S22]: Column not found: 1054 Unknown column 'm1.reply_to_id' in 'on clause'
[2025-04-08 06:35:29] Database error: SQLSTATE[42S22]: Column not found: 1054 Unknown column 'm1.reply_to_id' in 'on clause'
[2025-04-08 06:35:33] Database error: SQLSTATE[42S22]: Column not found: 1054 Unknown column 'm1.reply_to_id' in 'on clause'
[2025-04-08 06:35:35] Database error: SQLSTATE[42S22]: Column not found: 1054 Unknown column 'm1.reply_to_id' in 'on clause'
[2025-04-08 06:35:39] Database error: SQLSTATE[42S22]: Column not found: 1054 Unknown column 'm1.reply_to_id' in 'on clause'
[2025-04-08 06:35:41] Database error: SQLSTATE[42S22]: Column not found: 1054 Unknown column 'm1.reply_to_id' in 'on clause'
[2025-04-08 06:35:44] Database error: SQLSTATE[42S22]: Column not found: 1054 Unknown column 'm1.reply_to_id' in 'on clause'
[2025-04-08 06:35:47] Database error: SQLSTATE[42S22]: Column not found: 1054 Unknown column 'm1.reply_to_id' in 'on clause'
[2025-04-08 06:35:50] Database error: SQLSTATE[42S22]: Column not found: 1054 Unknown column 'm1.reply_to_id' in 'on clause'
[2025-04-08 06:35:53] Database error: SQLSTATE[42S22]: Column not found: 1054 Unknown column 'm1.reply_to_id' in 'on clause'
[2025-04-08 06:35:56] Database error: SQLSTATE[42S22]: Column not found: 1054 Unknown column 'm1.reply_to_id' in 'on clause'
[2025-04-08 06:35:59] Database error: SQLSTATE[42S22]: Column not found: 1054 Unknown column 'm1.reply_to_id' in 'on clause'
[2025-04-08 06:36:04] Database error: SQLSTATE[42S22]: Column not found: 1054 Unknown column 'm1.reply_to_id' in 'on clause'
[2025-04-08 06:36:05] Database error: SQLSTATE[42S22]: Column not found: 1054 Unknown column 'm1.reply_to_id' in 'on clause'
[2025-04-08 06:36:09] Database error: SQLSTATE[42S22]: Column not found: 1054 Unknown column 'm1.reply_to_id' in 'on clause'
[2025-04-08 06:36:22] Database error: SQLSTATE[42S22]: Column not found: 1054 Unknown column 'm1.reply_to_id' in 'on clause'
[2025-04-08 06:36:45] Database error: SQLSTATE[42S22]: Column not found: 1054 Unknown column 'm1.reply_to_id' in 'on clause'
[2025-04-08 06:37:40] Database error: SQLSTATE[42S22]: Column not found: 1054 Unknown column 'm1.reply_to_id' in 'on clause'
[2025-04-08 06:37:41] Database error: SQLSTATE[42S22]: Column not found: 1054 Unknown column 'm1.reply_to_id' in 'on clause'
[2025-04-08 06:37:43] Error in chat handler: Invalid action
[2025-04-08 06:37:46] Attempting to send message: {"user_id":"guest_y71mi6rv0","message":"book"}
[2025-04-08 06:37:46] Message sent successfully
[2025-04-08 06:45:12] Database error: SQLSTATE[42S22]: Column not found: 1054 Unknown column 'm1.reply_to_id' in 'on clause'
[2025-04-08 06:45:15] Database error: SQLSTATE[42S22]: Column not found: 1054 Unknown column 'm1.reply_to_id' in 'on clause'
[2025-04-08 06:45:17] Database error: SQLSTATE[42S22]: Column not found: 1054 Unknown column 'm1.reply_to_id' in 'on clause'
[2025-04-08 06:45:20] Database error: SQLSTATE[42S22]: Column not found: 1054 Unknown column 'm1.reply_to_id' in 'on clause'
[2025-04-08 06:45:27] Database error: SQLSTATE[42S22]: Column not found: 1054 Unknown column 'm1.reply_to_id' in 'on clause'
[2025-04-08 06:45:30] Database error: SQLSTATE[42S22]: Column not found: 1054 Unknown column 'm1.reply_to_id' in 'on clause'
[2025-04-08 06:45:33] Database error: SQLSTATE[42S22]: Column not found: 1054 Unknown column 'm1.reply_to_id' in 'on clause'
[2025-04-08 06:45:36] Database error: SQLSTATE[42S22]: Column not found: 1054 Unknown column 'm1.reply_to_id' in 'on clause'
[2025-04-08 06:45:39] Database error: SQLSTATE[42S22]: Column not found: 1054 Unknown column 'm1.reply_to_id' in 'on clause'
[2025-04-08 06:45:42] Database error: SQLSTATE[42S22]: Column not found: 1054 Unknown column 'm1.reply_to_id' in 'on clause'
[2025-04-08 06:45:45] Database error: SQLSTATE[42S22]: Column not found: 1054 Unknown column 'm1.reply_to_id' in 'on clause'
[2025-04-08 06:45:48] Database error: SQLSTATE[42S22]: Column not found: 1054 Unknown column 'm1.reply_to_id' in 'on clause'
[2025-04-08 06:45:51] Database error: SQLSTATE[42S22]: Column not found: 1054 Unknown column 'm1.reply_to_id' in 'on clause'
[2025-04-08 06:45:54] Database error: SQLSTATE[42S22]: Column not found: 1054 Unknown column 'm1.reply_to_id' in 'on clause'
[2025-04-08 06:45:57] Database error: SQLSTATE[42S22]: Column not found: 1054 Unknown column 'm1.reply_to_id' in 'on clause'
[2025-04-08 06:46:00] Database error: SQLSTATE[42S22]: Column not found: 1054 Unknown column 'm1.reply_to_id' in 'on clause'
[2025-04-08 06:46:03] Database error: SQLSTATE[42S22]: Column not found: 1054 Unknown column 'm1.reply_to_id' in 'on clause'
[2025-04-08 06:46:06] Database error: SQLSTATE[42S22]: Column not found: 1054 Unknown column 'm1.reply_to_id' in 'on clause'
[2025-04-08 06:46:09] Database error: SQLSTATE[42S22]: Column not found: 1054 Unknown column 'm1.reply_to_id' in 'on clause'
[2025-04-08 06:46:12] Database error: SQLSTATE[42S22]: Column not found: 1054 Unknown column 'm1.reply_to_id' in 'on clause'
[2025-04-08 06:46:15] Database error: SQLSTATE[42S22]: Column not found: 1054 Unknown column 'm1.reply_to_id' in 'on clause'
[2025-04-08 06:46:18] Database error: SQLSTATE[42S22]: Column not found: 1054 Unknown column 'm1.reply_to_id' in 'on clause'
[2025-04-08 06:46:21] Database error: SQLSTATE[42S22]: Column not found: 1054 Unknown column 'm1.reply_to_id' in 'on clause'
[2025-04-08 06:46:24] Database error: SQLSTATE[42S22]: Column not found: 1054 Unknown column 'm1.reply_to_id' in 'on clause'
[2025-04-08 06:46:27] Database error: SQLSTATE[42S22]: Column not found: 1054 Unknown column 'm1.reply_to_id' in 'on clause'
[2025-04-08 06:46:30] Database error: SQLSTATE[42S22]: Column not found: 1054 Unknown column 'm1.reply_to_id' in 'on clause'
[2025-04-08 06:46:33] Database error: SQLSTATE[42S22]: Column not found: 1054 Unknown column 'm1.reply_to_id' in 'on clause'
[2025-04-08 06:46:36] Database error: SQLSTATE[42S22]: Column not found: 1054 Unknown column 'm1.reply_to_id' in 'on clause'
[2025-04-08 06:46:39] Database error: SQLSTATE[42S22]: Column not found: 1054 Unknown column 'm1.reply_to_id' in 'on clause'
[2025-04-08 06:46:42] Database error: SQLSTATE[42S22]: Column not found: 1054 Unknown column 'm1.reply_to_id' in 'on clause'
[2025-04-08 06:46:45] Database error: SQLSTATE[42S22]: Column not found: 1054 Unknown column 'm1.reply_to_id' in 'on clause'
[2025-04-08 06:46:48] Database error: SQLSTATE[42S22]: Column not found: 1054 Unknown column 'm1.reply_to_id' in 'on clause'
[2025-04-08 06:46:51] Database error: SQLSTATE[42S22]: Column not found: 1054 Unknown column 'm1.reply_to_id' in 'on clause'
[2025-04-08 06:46:54] Database error: SQLSTATE[42S22]: Column not found: 1054 Unknown column 'm1.reply_to_id' in 'on clause'
[2025-04-08 06:46:57] Database error: SQLSTATE[42S22]: Column not found: 1054 Unknown column 'm1.reply_to_id' in 'on clause'
[2025-04-08 06:47:02] Database error: SQLSTATE[42S22]: Column not found: 1054 Unknown column 'm1.reply_to_id' in 'on clause'
[2025-04-08 06:47:03] Database error: SQLSTATE[42S22]: Column not found: 1054 Unknown column 'm1.reply_to_id' in 'on clause'
[2025-04-08 06:47:06] Database error: SQLSTATE[42S22]: Column not found: 1054 Unknown column 'm1.reply_to_id' in 'on clause'
[2025-04-08 06:47:09] Database error: SQLSTATE[42S22]: Column not found: 1054 Unknown column 'm1.reply_to_id' in 'on clause'
[2025-04-08 06:47:12] Database error: SQLSTATE[42S22]: Column not found: 1054 Unknown column 'm1.reply_to_id' in 'on clause'
[2025-04-08 06:47:50] Database error: SQLSTATE[42S22]: Column not found: 1054 Unknown column 'm1.reply_to_id' in 'on clause'
[2025-04-08 06:48:45] Database error: SQLSTATE[42S22]: Column not found: 1054 Unknown column 'm1.reply_to_id' in 'on clause'
[2025-04-08 06:48:56] Database error: SQLSTATE[42S22]: Column not found: 1054 Unknown column 'm1.reply_to_id' in 'on clause'
[2025-04-08 06:48:57] Database error: SQLSTATE[42S22]: Column not found: 1054 Unknown column 'm1.reply_to_id' in 'on clause'
[2025-04-08 06:49:00] Database error: SQLSTATE[42S22]: Column not found: 1054 Unknown column 'm1.reply_to_id' in 'on clause'
[2025-04-08 06:49:03] Database error: SQLSTATE[42S22]: Column not found: 1054 Unknown column 'm1.reply_to_id' in 'on clause'
[2025-04-08 06:49:06] Database error: SQLSTATE[42S22]: Column not found: 1054 Unknown column 'm1.reply_to_id' in 'on clause'
