[2025-03-18 10:53:08] POST data: Array
(
    [user_id] => guest_st9fj9wae
    [last_time] => 2025-03-18T09:50:46.867Z
    [action] => fetch
)

[2025-03-18 10:53:43] POST data: Array
(
    [user_id] => guest_st9fj9wae
    [last_time] => 2025-03-18T09:50:46.867Z
    [action] => fetch
)

[2025-03-18 10:53:44] POST data: Array
(
    [user_id] => guest_st9fj9wae
    [last_time] => 2025-03-18T09:50:46.867Z
    [action] => fetch
)

[2025-03-18 10:53:50] POST data: Array
(
    [user_id] => guest_3wqw6q0yj
    [last_time] => 2025-03-18T09:53:44.911Z
    [action] => fetch
)

[2025-03-18 10:53:50] POST data: Array
(
    [user_id] => guest_3wqw6q0yj
    [message] => hello
    [action] => send
)

[2025-03-19 05:50:17] Processing started
[2025-03-19 05:50:17] POST data: Array
(
    [order_data] => {"items":[{"name":"Chicken Wings","price":180,"quantity":2,"addons":[]}],"pickup_time":"06:50 PM","pickup_notes":"","payment_method":"gcash","payment_reference":"45456765756756","total_amount":360}
)

[2025-03-19 05:50:17] FILES data: Array
(
    [payment_proof] => Array
        (
            [name] => Screenshot (234).png
            [type] => image/png
            [tmp_name] => D:\casaaa\tmp\php490.tmp
            [error] => 0
            [size] => 1685227
        )

)

[2025-03-19 05:54:13] Processing started
[2025-03-19 05:54:13] POST data: Array
(
    [order_data] => {"items":[{"name":"Chicken Wings","price":180,"quantity":2,"addons":[]}],"pickup_time":"06:54 PM","pickup_notes":"","payment_method":"gcash","payment_reference":"45456765756756","total_amount":360}
)

[2025-03-19 05:54:13] FILES data: Array
(
    [payment_proof] => Array
        (
            [name] => Screenshot (234).png
            [type] => image/png
            [tmp_name] => D:\casaaa\tmp\php9F4B.tmp
            [error] => 0
            [size] => 1685227
        )

)

[2025-03-19 05:54:55] Processing started
[2025-03-19 05:54:55] POST data: Array
(
    [order_data] => {"items":[{"name":"Chicken Wings","price":180,"quantity":1,"addons":[]},{"name":"Egg Sandwich","price":500,"quantity":1,"addons":[]}],"pickup_time":"06:54 PM","pickup_notes":"","payment_method":"gcash","payment_reference":"45456765756756","total_amount":680}
)

[2025-03-19 05:54:55] FILES data: Array
(
    [payment_proof] => Array
        (
            [name] => Screenshot (234).png
            [type] => image/png
            [tmp_name] => D:\casaaa\tmp\php45FC.tmp
            [error] => 0
            [size] => 1685227
        )

)

[2025-03-19 06:03:05] Processing started
[2025-03-19 06:03:05] POST data: Array
(
    [order_data] => {"items":[{"name":"Chicken Wings","price":180,"quantity":1,"addons":[]}],"pickup_time":"07:03 PM","pickup_notes":"","payment_method":"gcash","payment_reference":"45456765756756","total_amount":180}
)

[2025-03-19 06:03:05] FILES data: Array
(
    [payment_proof] => Array
        (
            [name] => Screenshot (245).png
            [type] => image/png
            [tmp_name] => D:\casaaa\tmp\phpB88B.tmp
            [error] => 0
            [size] => 1493010
        )

)

[2025-03-19 06:03:11] Processing started
[2025-03-19 06:03:11] POST data: Array
(
    [order_data] => {"items":[{"name":"Chicken Wings","price":180,"quantity":1,"addons":[]}],"pickup_time":"07:03 PM","pickup_notes":"","payment_method":"gcash","payment_reference":"45456765756756","total_amount":180}
)

[2025-03-19 06:03:11] FILES data: Array
(
    [payment_proof] => Array
        (
            [name] => Screenshot (245).png
            [type] => image/png
            [tmp_name] => D:\casaaa\tmp\phpD50D.tmp
            [error] => 0
            [size] => 1493010
        )

)

[2025-03-19 06:03:14] Processing started
[2025-03-19 06:03:14] POST data: Array
(
    [order_data] => {"items":[{"name":"Chicken Wings","price":180,"quantity":1,"addons":[]}],"pickup_time":"07:03 PM","pickup_notes":"","payment_method":"gcash","payment_reference":"45456765756756","total_amount":180}
)

[2025-03-19 06:03:14] FILES data: Array
(
    [payment_proof] => Array
        (
            [name] => Screenshot (245).png
            [type] => image/png
            [tmp_name] => D:\casaaa\tmp\phpDF9D.tmp
            [error] => 0
            [size] => 1493010
        )

)

[2025-03-19 06:07:46] Processing started
[2025-03-19 06:07:46] POST data: Array
(
    [order_data] => {"items":[{"name":"Chicken Wings","price":180,"quantity":1,"addons":[]}],"pickup_time":"07:07 PM","pickup_notes":"","payment_method":"gcash","payment_reference":"45456765756756","total_amount":180}
)

[2025-03-19 06:07:46] FILES data: Array
(
    [payment_proof] => Array
        (
            [name] => Screenshot (266).png
            [type] => image/png
            [tmp_name] => D:\casaaa\tmp\php989.tmp
            [error] => 0
            [size] => 137088
        )

)

[2025-03-19 06:09:31] Processing started
[2025-03-19 06:09:31] POST data: Array
(
    [order_data] => {"items":[{"name":"Chicken Wings","price":180,"quantity":1,"addons":[]}],"pickup_time":"07:09 PM","pickup_notes":"","payment_method":"gcash","payment_reference":"45456765756756","total_amount":180}
)

[2025-03-19 06:09:31] FILES data: Array
(
    [payment_proof] => Array
        (
            [name] => Screenshot (226).png
            [type] => image/png
            [tmp_name] => D:\casaaa\tmp\phpA2F7.tmp
            [error] => 0
            [size] => 452121
        )

)

[2025-03-19 06:11:06] Processing started
[2025-03-19 06:11:06] POST data: Array
(
    [order_data] => {"items":[{"name":"Chicken Wings","price":180,"quantity":1,"addons":[]}],"pickup_time":"07:11 PM","pickup_notes":"","payment_method":"gcash","payment_reference":"45456765756756","total_amount":180}
)

[2025-03-19 06:11:06] FILES data: Array
(
    [payment_proof] => Array
        (
            [name] => Screenshot (235).png
            [type] => image/png
            [tmp_name] => D:\casaaa\tmp\php162F.tmp
            [error] => 0
            [size] => 550706
        )

)

[2025-03-19 06:12:50] Processing started
[2025-03-19 06:12:50] POST data: Array
(
    [order_data] => {"items":[{"name":"Chicken Wings","price":180,"quantity":1,"addons":[]}],"pickup_time":"07:12 PM","pickup_notes":"","payment_method":"gcash","payment_reference":"45456765756756","total_amount":180}
)

[2025-03-19 06:12:50] FILES data: Array
(
    [payment_proof] => Array
        (
            [name] => Screenshot (235).png
            [type] => image/png
            [tmp_name] => D:\casaaa\tmp\phpAADA.tmp
            [error] => 0
            [size] => 550706
        )

)

[2025-03-19 06:13:12] Processing started
[2025-03-19 06:13:12] POST data: Array
(
    [order_data] => {"items":[{"name":"Chicken Wings","price":180,"quantity":1,"addons":[]}],"pickup_time":"07:13 PM","pickup_notes":"","payment_method":"gcash","payment_reference":"45456765756756","total_amount":180}
)

[2025-03-19 06:13:12] FILES data: Array
(
    [payment_proof] => Array
        (
            [name] => Screenshot (236).png
            [type] => image/png
            [tmp_name] => D:\casaaa\tmp\php2FD.tmp
            [error] => 0
            [size] => 405740
        )

)

[2025-03-19 06:15:22] Processing started
[2025-03-19 06:15:22] POST data: Array
(
    [order_data] => {"items":[{"name":"Chicken Wings","price":180,"quantity":1,"addons":[]}],"total_amount":180,"pickup_notes":"","payment_method":"gcash","payment_reference":"45456765756756"}
)

[2025-03-19 06:15:22] FILES data: Array
(
    [payment_proof] => Array
        (
            [name] => Screenshot (238).png
            [type] => image/png
            [tmp_name] => D:\casaaa\tmp\phpFB63.tmp
            [error] => 0
            [size] => 68462
        )

)

[2025-03-19 06:17:08] Processing started
[2025-03-19 06:17:08] POST data: Array
(
    [order_data] => {"items":[{"name":"Chicken Wings","price":180,"quantity":1,"addons":[]}],"total_amount":180,"pickup_notes":"","payment_method":"gcash","payment_reference":"45456765756756"}
)

[2025-03-19 06:17:08] FILES data: Array
(
    [payment_proof] => Array
        (
            [name] => Screenshot (245).png
            [type] => image/png
            [tmp_name] => D:\casaaa\tmp\php9ADC.tmp
            [error] => 0
            [size] => 1493010
        )

)

